<?xml version="1.0" encoding="UTF-8"?>
<!-- Generated by org.testng.reporters.JUnitXMLReporter -->
<testsuite ignored="0" hostname="LAPTOP-URBL5M10" failures="1" tests="2" name="Surefire test" time="35.798" errors="0" timestamp="2023-11-20T21:09:59 EST">
  <testcase classname="in.amazon.tests.BuyMobileTest" name="BuyMobileTest" time="12.832"/>
  <testcase classname="in.amazon.tests.SignInTest" name="singIn" time="6.881">
    <failure type="java.lang.AssertionError" message="expected [We cannot find an account with that email address] but found [We cannot find an acco with that email address]">
      <![CDATA[java.lang.AssertionError: expected [We cannot find an account with that email address] but found [We cannot find an acco with that email address]
at in.amazon.tests.SignInTest.singIn(SignInTest.java:40)
at java.base/java.util.ArrayList.forEach(ArrayList.java:1511)
... Removed 38 stack frames]]>
    </failure>
  </testcase> <!-- singIn -->
</testsuite> <!-- Surefire test -->
