<?xml version="1.0" encoding="UTF-8"?>
<testng-results ignored="0" total="2" passed="1" failed="1" skipped="0">
  <reporter-output>
  </reporter-output>
  <suite started-at="2023-11-20T21:09:24 EST" name="Surefire suite" finished-at="2023-11-20T21:09:59 EST" duration-ms="35798">
    <groups>
    </groups>
    <test started-at="2023-11-20T21:09:24 EST" name="Surefire test" finished-at="2023-11-20T21:09:59 EST" duration-ms="35798">
      <class name="in.amazon.tests.SignInTest">
        <test-method is-config="true" signature="launchApplication()[pri:0, instance:in.amazon.tests.SignInTest@76c3e77a]" started-at="2023-11-20T21:09:43 EST" name="launchApplication" finished-at="2023-11-20T21:09:53 EST" duration-ms="9882" status="PASS">
          <reporter-output>
          </reporter-output>
        </test-method> <!-- launchApplication -->
        <test-method signature="singIn()[pri:0, instance:in.amazon.tests.SignInTest@76c3e77a]" started-at="2023-11-20T21:09:53 EST" name="singIn" finished-at="2023-11-20T21:09:59 EST" duration-ms="6881" status="FAIL">
          <exception class="java.lang.AssertionError">
            <message>
              <![CDATA[expected [We cannot find an account with that email address] but found [We cannot find an acco with that email address]]]>
            </message>
            <full-stacktrace>
              <![CDATA[java.lang.AssertionError: expected [We cannot find an account with that email address] but found [We cannot find an acco with that email address]
at org.testng.Assert.fail(Assert.java:110)
at org.testng.Assert.failNotEquals(Assert.java:1577)
at org.testng.Assert.assertEqualsImpl(Assert.java:149)
at org.testng.Assert.assertEquals(Assert.java:131)
at org.testng.Assert.assertEquals(Assert.java:655)
at org.testng.Assert.assertEquals(Assert.java:665)
at in.amazon.tests.SignInTest.singIn(SignInTest.java:40)
at java.base/jdk.internal.reflect.NativeMethodAccessorImpl.invoke0(Native Method)
at java.base/jdk.internal.reflect.NativeMethodAccessorImpl.invoke(NativeMethodAccessorImpl.java:64)
at java.base/jdk.internal.reflect.DelegatingMethodAccessorImpl.invoke(DelegatingMethodAccessorImpl.java:43)
at java.base/java.lang.reflect.Method.invoke(Method.java:564)
at org.testng.internal.invokers.MethodInvocationHelper.invokeMethod(MethodInvocationHelper.java:139)
at org.testng.internal.invokers.TestInvoker.invokeMethod(TestInvoker.java:677)
at org.testng.internal.invokers.TestInvoker.invokeTestMethod(TestInvoker.java:221)
at org.testng.internal.invokers.MethodRunner.runInSequence(MethodRunner.java:50)
at org.testng.internal.invokers.TestInvoker$MethodInvocationAgent.invoke(TestInvoker.java:969)
at org.testng.internal.invokers.TestInvoker.invokeTestMethods(TestInvoker.java:194)
at org.testng.internal.invokers.TestMethodWorker.invokeTestMethods(TestMethodWorker.java:148)
at org.testng.internal.invokers.TestMethodWorker.run(TestMethodWorker.java:128)
at java.base/java.util.ArrayList.forEach(ArrayList.java:1511)
at org.testng.TestRunner.privateRun(TestRunner.java:829)
at org.testng.TestRunner.run(TestRunner.java:602)
at org.testng.SuiteRunner.runTest(SuiteRunner.java:437)
at org.testng.SuiteRunner.runSequentially(SuiteRunner.java:431)
at org.testng.SuiteRunner.privateRun(SuiteRunner.java:391)
at org.testng.SuiteRunner.run(SuiteRunner.java:330)
at org.testng.SuiteRunnerWorker.runSuite(SuiteRunnerWorker.java:52)
at org.testng.SuiteRunnerWorker.run(SuiteRunnerWorker.java:95)
at org.testng.TestNG.runSuitesSequentially(TestNG.java:1256)
at org.testng.TestNG.runSuitesLocally(TestNG.java:1176)
at org.testng.TestNG.runSuites(TestNG.java:1099)
at org.testng.TestNG.run(TestNG.java:1067)
at org.apache.maven.surefire.testng.TestNGExecutor.run(TestNGExecutor.java:155)
at org.apache.maven.surefire.testng.TestNGDirectoryTestSuite.executeMulti(TestNGDirectoryTestSuite.java:169)
at org.apache.maven.surefire.testng.TestNGDirectoryTestSuite.execute(TestNGDirectoryTestSuite.java:88)
at org.apache.maven.surefire.testng.TestNGProvider.invoke(TestNGProvider.java:137)
at org.apache.maven.surefire.booter.ForkedBooter.runSuitesInProcess(ForkedBooter.java:385)
at org.apache.maven.surefire.booter.ForkedBooter.execute(ForkedBooter.java:162)
at org.apache.maven.surefire.booter.ForkedBooter.run(ForkedBooter.java:507)
at org.apache.maven.surefire.booter.ForkedBooter.main(ForkedBooter.java:495)
]]>
            </full-stacktrace>
          </exception> <!-- java.lang.AssertionError -->
          <reporter-output>
          </reporter-output>
        </test-method> <!-- singIn -->
        <test-method is-config="true" signature="closeBrowser()[pri:0, instance:in.amazon.tests.SignInTest@76c3e77a]" started-at="2023-11-20T21:09:59 EST" name="closeBrowser" finished-at="2023-11-20T21:09:59 EST" duration-ms="0" status="PASS">
          <reporter-output>
          </reporter-output>
        </test-method> <!-- closeBrowser -->
      </class> <!-- in.amazon.tests.SignInTest -->
      <class name="in.amazon.tests.BuyMobileTest">
        <test-method is-config="true" signature="launchApplication()[pri:0, instance:in.amazon.tests.BuyMobileTest@57d7f8ca]" started-at="2023-11-20T21:09:24 EST" name="launchApplication" finished-at="2023-11-20T21:09:30 EST" duration-ms="6141" status="PASS">
          <reporter-output>
          </reporter-output>
        </test-method> <!-- launchApplication -->
        <test-method signature="BuyMobileTest()[pri:0, instance:in.amazon.tests.BuyMobileTest@57d7f8ca]" started-at="2023-11-20T21:09:30 EST" name="BuyMobileTest" finished-at="2023-11-20T21:09:43 EST" duration-ms="12832" status="PASS">
          <reporter-output>
          </reporter-output>
        </test-method> <!-- BuyMobileTest -->
        <test-method is-config="true" signature="closeBrowser()[pri:0, instance:in.amazon.tests.BuyMobileTest@57d7f8ca]" started-at="2023-11-20T21:09:43 EST" name="closeBrowser" finished-at="2023-11-20T21:09:43 EST" duration-ms="1" status="PASS">
          <reporter-output>
          </reporter-output>
        </test-method> <!-- closeBrowser -->
      </class> <!-- in.amazon.tests.BuyMobileTest -->
    </test> <!-- Surefire test -->
  </suite> <!-- Surefire suite -->
</testng-results>
